<?xml version="1.0" encoding="UTF-8"?>
<testsuite xmlns:xsi="http://www.w3.org/2001/XMLSchema-instance" xsi:schemaLocation="https://maven.apache.org/surefire/maven-surefire-plugin/xsd/surefire-test-report.xsd" name="my.Sana.dbtest.TestMapperTest" time="0.177" tests="1" errors="1" skipped="0" failures="0">
  <properties>
[...]
</properties>
  <testcase name="testGetTime" classname="my.Sana.dbtest.TestMapperTest" time="0.022">
    <error message="Invalid bound statement (not found): my.Sana.Mapper.TestMapper.getTime" type="org.apache.ibatis.binding.BindingException">org.apache.ibatis.binding.BindingException: Invalid bound statement (not found): my.Sana.Mapper.TestMapper.getTime
	at my.Sana.dbtest.TestMapperTest.testGetTime(TestMapperTest.java:18)
</error>
    <system-out><![CDATA[INFO : org.springframework.test.context.support.DefaultTestContextBootstrapper - Loaded default TestExecutionListener class names from location [META-INF/spring.factories]: [org.springframework.test.context.web.ServletTestExecutionListener, org.springframework.test.context.support.DirtiesContextBeforeModesTestExecutionListener, org.springframework.test.context.support.DependencyInjectionTestExecutionListener, org.springframework.test.context.support.DirtiesContextTestExecutionListener, org.springframework.test.context.transaction.TransactionalTestExecutionListener, org.springframework.test.context.jdbc.SqlScriptsTestExecutionListener]
INFO : org.springframework.test.context.support.DefaultTestContextBootstrapper - Using TestExecutionListeners: [org.springframework.test.context.web.ServletTestExecutionListener@1338fb5, org.springframework.test.context.support.DirtiesContextBeforeModesTestExecutionListener@42463763, org.springframework.test.context.support.DependencyInjectionTestExecutionListener@59f63e24, org.springframework.test.context.support.DirtiesContextTestExecutionListener@61f05988, org.springframework.test.context.transaction.TransactionalTestExecutionListener@7ca33c24, org.springframework.test.context.jdbc.SqlScriptsTestExecutionListener@fade1fc]
]]></system-out>
  </testcase>
</testsuite>